[2024-02-23T13:36:22.109+0000] {manager.py:469} INFO - Processing files using up to 2 processes at a time 
[2024-02-23T13:36:22.110+0000] {manager.py:470} INFO - Process each file at most once every 30 seconds
[2024-02-23T13:36:22.110+0000] {manager.py:471} INFO - Checking for new files in /opt/airflow/dags every 300 seconds
[2024-02-23T13:36:22.111+0000] {manager.py:738} INFO - Searching for files in /opt/airflow/dags
[2024-02-23T13:36:22.118+0000] {manager.py:741} INFO - There are 1 files in /opt/airflow/dags
[2024-02-23T13:36:22.181+0000] {manager.py:879} INFO - 
================================================================================
DAG File Processing Stats

File Path                      PID  Runtime      # DAGs    # Errors  Last Runtime    Last Run
---------------------------  -----  ---------  --------  ----------  --------------  ----------
/opt/airflow/dags/my_dag.py     38  0.03s             0           0
================================================================================
[2024-02-23T13:36:52.318+0000] {manager.py:879} INFO - 
================================================================================
DAG File Processing Stats

File Path                    PID    Runtime      # DAGs    # Errors  Last Runtime    Last Run
---------------------------  -----  ---------  --------  ----------  --------------  -------------------
/opt/airflow/dags/my_dag.py                           1           0  0.29s           2024-02-23T13:36:22
================================================================================
[2024-02-23T13:37:22.750+0000] {manager.py:879} INFO - 
================================================================================
DAG File Processing Stats

File Path                      PID  Runtime      # DAGs    # Errors  Last Runtime    Last Run
---------------------------  -----  ---------  --------  ----------  --------------  -------------------
/opt/airflow/dags/my_dag.py     52  0.00s             1           0  0.10s           2024-02-23T13:36:52
================================================================================
[2024-02-23T13:37:52.985+0000] {manager.py:879} INFO - 
================================================================================
DAG File Processing Stats

File Path                      PID  Runtime      # DAGs    # Errors  Last Runtime    Last Run
---------------------------  -----  ---------  --------  ----------  --------------  -------------------
/opt/airflow/dags/my_dag.py     59  0.00s             1           0  0.09s           2024-02-23T13:37:22
================================================================================
[2024-02-23T13:38:23.154+0000] {manager.py:879} INFO - 
================================================================================
DAG File Processing Stats

File Path                      PID  Runtime      # DAGs    # Errors  Last Runtime    Last Run
---------------------------  -----  ---------  --------  ----------  --------------  -------------------
/opt/airflow/dags/my_dag.py     66  0.00s             1           0  0.10s           2024-02-23T13:37:53
================================================================================
[2024-02-23T13:38:53.358+0000] {manager.py:879} INFO - 
================================================================================
DAG File Processing Stats

File Path                      PID  Runtime      # DAGs    # Errors  Last Runtime    Last Run
---------------------------  -----  ---------  --------  ----------  --------------  -------------------
/opt/airflow/dags/my_dag.py     73  0.00s             1           0  0.09s           2024-02-23T13:38:23
================================================================================
[2024-02-23T13:39:23.522+0000] {manager.py:879} INFO - 
================================================================================
DAG File Processing Stats

File Path                      PID  Runtime      # DAGs    # Errors  Last Runtime    Last Run
---------------------------  -----  ---------  --------  ----------  --------------  -------------------
/opt/airflow/dags/my_dag.py     80  0.00s             1           0  0.09s           2024-02-23T13:38:53
================================================================================
[2024-02-23T13:39:53.733+0000] {manager.py:879} INFO - 
================================================================================
DAG File Processing Stats

File Path                      PID  Runtime      # DAGs    # Errors  Last Runtime    Last Run
---------------------------  -----  ---------  --------  ----------  --------------  -------------------
/opt/airflow/dags/my_dag.py     87  0.00s             1           0  0.09s           2024-02-23T13:39:23
================================================================================
[2024-02-23T13:40:23.902+0000] {manager.py:879} INFO - 
================================================================================
DAG File Processing Stats

File Path                      PID  Runtime      # DAGs    # Errors  Last Runtime    Last Run
---------------------------  -----  ---------  --------  ----------  --------------  -------------------
/opt/airflow/dags/my_dag.py     94  0.00s             1           0  0.09s           2024-02-23T13:39:53
================================================================================
[2024-02-23T13:40:54.111+0000] {manager.py:879} INFO - 
================================================================================
DAG File Processing Stats

File Path                      PID  Runtime      # DAGs    # Errors  Last Runtime    Last Run
---------------------------  -----  ---------  --------  ----------  --------------  -------------------
/opt/airflow/dags/my_dag.py    101  0.00s             1           0  0.11s           2024-02-23T13:40:24
================================================================================
[2024-02-23T13:41:22.268+0000] {manager.py:738} INFO - Searching for files in /opt/airflow/dags
[2024-02-23T13:41:22.284+0000] {manager.py:741} INFO - There are 1 files in /opt/airflow/dags
[2024-02-23T13:41:24.311+0000] {manager.py:879} INFO - 
================================================================================
DAG File Processing Stats

File Path                      PID  Runtime      # DAGs    # Errors  Last Runtime    Last Run
---------------------------  -----  ---------  --------  ----------  --------------  -------------------
/opt/airflow/dags/my_dag.py    108  0.00s             1           0  0.10s           2024-02-23T13:40:54
================================================================================
[2024-02-23T13:41:54.496+0000] {manager.py:879} INFO - 
================================================================================
DAG File Processing Stats

File Path                      PID  Runtime      # DAGs    # Errors  Last Runtime    Last Run
---------------------------  -----  ---------  --------  ----------  --------------  -------------------
/opt/airflow/dags/my_dag.py    115  0.00s             1           0  0.10s           2024-02-23T13:41:24
================================================================================
[2024-02-23T13:42:24.687+0000] {manager.py:879} INFO - 
================================================================================
DAG File Processing Stats

File Path                      PID  Runtime      # DAGs    # Errors  Last Runtime    Last Run
---------------------------  -----  ---------  --------  ----------  --------------  -------------------
/opt/airflow/dags/my_dag.py    122  0.00s             1           0  0.09s           2024-02-23T13:41:54
================================================================================
[2024-02-23T13:42:54.860+0000] {manager.py:879} INFO - 
================================================================================
DAG File Processing Stats

File Path                      PID  Runtime      # DAGs    # Errors  Last Runtime    Last Run
---------------------------  -----  ---------  --------  ----------  --------------  -------------------
/opt/airflow/dags/my_dag.py    129  0.00s             1           0  0.10s           2024-02-23T13:42:24
================================================================================
[2024-02-23T13:43:25.075+0000] {manager.py:879} INFO - 
================================================================================
DAG File Processing Stats

File Path                      PID  Runtime      # DAGs    # Errors  Last Runtime    Last Run
---------------------------  -----  ---------  --------  ----------  --------------  -------------------
/opt/airflow/dags/my_dag.py    136  0.00s             1           0  0.11s           2024-02-23T13:42:54
================================================================================
[2024-02-23T13:43:55.251+0000] {manager.py:879} INFO - 
================================================================================
DAG File Processing Stats

File Path                      PID  Runtime      # DAGs    # Errors  Last Runtime    Last Run
---------------------------  -----  ---------  --------  ----------  --------------  -------------------
/opt/airflow/dags/my_dag.py    143  0.00s             1           0  0.09s           2024-02-23T13:43:25
================================================================================
[2024-02-23T13:44:25.451+0000] {manager.py:879} INFO - 
================================================================================
DAG File Processing Stats

File Path                      PID  Runtime      # DAGs    # Errors  Last Runtime    Last Run
---------------------------  -----  ---------  --------  ----------  --------------  -------------------
/opt/airflow/dags/my_dag.py    150  0.00s             1           0  0.09s           2024-02-23T13:43:55
================================================================================
[2024-02-23T13:44:55.636+0000] {manager.py:879} INFO - 
================================================================================
DAG File Processing Stats

File Path                      PID  Runtime      # DAGs    # Errors  Last Runtime    Last Run
---------------------------  -----  ---------  --------  ----------  --------------  -------------------
/opt/airflow/dags/my_dag.py    157  0.00s             1           0  0.09s           2024-02-23T13:44:25
================================================================================
[2024-02-23T13:45:25.833+0000] {manager.py:879} INFO - 
================================================================================
DAG File Processing Stats

File Path                      PID  Runtime      # DAGs    # Errors  Last Runtime    Last Run
---------------------------  -----  ---------  --------  ----------  --------------  -------------------
/opt/airflow/dags/my_dag.py    164  0.00s             1           0  0.09s           2024-02-23T13:44:55
================================================================================
[2024-02-23T13:45:56.003+0000] {manager.py:879} INFO - 
================================================================================
DAG File Processing Stats

File Path                      PID  Runtime      # DAGs    # Errors  Last Runtime    Last Run
---------------------------  -----  ---------  --------  ----------  --------------  -------------------
/opt/airflow/dags/my_dag.py    171  0.00s             1           0  0.09s           2024-02-23T13:45:25
================================================================================
[2024-02-23T13:46:23.186+0000] {manager.py:738} INFO - Searching for files in /opt/airflow/dags
[2024-02-23T13:46:23.201+0000] {manager.py:741} INFO - There are 1 files in /opt/airflow/dags
[2024-02-23T13:46:26.233+0000] {manager.py:879} INFO - 
================================================================================
DAG File Processing Stats

File Path                      PID  Runtime      # DAGs    # Errors  Last Runtime    Last Run
---------------------------  -----  ---------  --------  ----------  --------------  -------------------
/opt/airflow/dags/my_dag.py    178  0.00s             1           0  0.09s           2024-02-23T13:45:56
================================================================================
[2024-02-23T13:46:56.402+0000] {manager.py:879} INFO - 
================================================================================
DAG File Processing Stats

File Path                      PID  Runtime      # DAGs    # Errors  Last Runtime    Last Run
---------------------------  -----  ---------  --------  ----------  --------------  -------------------
/opt/airflow/dags/my_dag.py    185  0.00s             1           0  0.09s           2024-02-23T13:46:26
================================================================================
[2024-02-23T13:47:26.628+0000] {manager.py:879} INFO - 
================================================================================
DAG File Processing Stats

File Path                      PID  Runtime      # DAGs    # Errors  Last Runtime    Last Run
---------------------------  -----  ---------  --------  ----------  --------------  -------------------
/opt/airflow/dags/my_dag.py    192  0.00s             1           0  0.09s           2024-02-23T13:46:56
================================================================================
[2024-02-23T13:47:56.813+0000] {manager.py:879} INFO - 
================================================================================
DAG File Processing Stats

File Path                      PID  Runtime      # DAGs    # Errors  Last Runtime    Last Run
---------------------------  -----  ---------  --------  ----------  --------------  -------------------
/opt/airflow/dags/my_dag.py    199  0.00s             1           0  0.10s           2024-02-23T13:47:26
================================================================================
[2024-02-23T13:48:27.031+0000] {manager.py:879} INFO - 
================================================================================
DAG File Processing Stats

File Path                      PID  Runtime      # DAGs    # Errors  Last Runtime    Last Run
---------------------------  -----  ---------  --------  ----------  --------------  -------------------
/opt/airflow/dags/my_dag.py    206  0.00s             1           0  0.09s           2024-02-23T13:47:56
================================================================================
[2024-02-23T13:48:57.198+0000] {manager.py:879} INFO - 
================================================================================
DAG File Processing Stats

File Path                      PID  Runtime      # DAGs    # Errors  Last Runtime    Last Run
---------------------------  -----  ---------  --------  ----------  --------------  -------------------
/opt/airflow/dags/my_dag.py    213  0.00s             1           0  0.09s           2024-02-23T13:48:27
================================================================================
[2024-02-23T13:49:27.424+0000] {manager.py:879} INFO - 
================================================================================
DAG File Processing Stats

File Path                      PID  Runtime      # DAGs    # Errors  Last Runtime    Last Run
---------------------------  -----  ---------  --------  ----------  --------------  -------------------
/opt/airflow/dags/my_dag.py    220  0.00s             1           0  0.09s           2024-02-23T13:48:57
================================================================================
[2024-02-23T13:49:57.601+0000] {manager.py:879} INFO - 
================================================================================
DAG File Processing Stats

File Path                      PID  Runtime      # DAGs    # Errors  Last Runtime    Last Run
---------------------------  -----  ---------  --------  ----------  --------------  -------------------
/opt/airflow/dags/my_dag.py    227  0.00s             1           0  0.09s           2024-02-23T13:49:27
================================================================================
[2024-02-23T13:50:27.816+0000] {manager.py:879} INFO - 
================================================================================
DAG File Processing Stats

File Path                      PID  Runtime      # DAGs    # Errors  Last Runtime    Last Run
---------------------------  -----  ---------  --------  ----------  --------------  -------------------
/opt/airflow/dags/my_dag.py    234  0.00s             1           0  0.09s           2024-02-23T13:49:57
================================================================================
[2024-02-23T13:50:57.989+0000] {manager.py:879} INFO - 
================================================================================
DAG File Processing Stats

File Path                      PID  Runtime      # DAGs    # Errors  Last Runtime    Last Run
---------------------------  -----  ---------  --------  ----------  --------------  -------------------
/opt/airflow/dags/my_dag.py    241  0.00s             1           0  0.09s           2024-02-23T13:50:27
================================================================================
[2024-02-23T13:51:24.165+0000] {manager.py:738} INFO - Searching for files in /opt/airflow/dags
[2024-02-23T13:51:24.178+0000] {manager.py:741} INFO - There are 1 files in /opt/airflow/dags
[2024-02-23T13:51:28.220+0000] {manager.py:879} INFO - 
================================================================================
DAG File Processing Stats

File Path                      PID  Runtime      # DAGs    # Errors  Last Runtime    Last Run
---------------------------  -----  ---------  --------  ----------  --------------  -------------------
/opt/airflow/dags/my_dag.py    248  0.00s             1           0  0.09s           2024-02-23T13:50:58
================================================================================
[2024-02-23T13:51:58.384+0000] {manager.py:879} INFO - 
================================================================================
DAG File Processing Stats

File Path                      PID  Runtime      # DAGs    # Errors  Last Runtime    Last Run
---------------------------  -----  ---------  --------  ----------  --------------  -------------------
/opt/airflow/dags/my_dag.py    255  0.00s             1           0  0.09s           2024-02-23T13:51:28
================================================================================
[2024-02-23T13:52:28.576+0000] {manager.py:879} INFO - 
================================================================================
DAG File Processing Stats

File Path                      PID  Runtime      # DAGs    # Errors  Last Runtime    Last Run
---------------------------  -----  ---------  --------  ----------  --------------  -------------------
/opt/airflow/dags/my_dag.py    262  0.01s             1           0  0.10s           2024-02-23T13:51:58
================================================================================
[2024-02-23T13:52:58.744+0000] {manager.py:879} INFO - 
================================================================================
DAG File Processing Stats

File Path                      PID  Runtime      # DAGs    # Errors  Last Runtime    Last Run
---------------------------  -----  ---------  --------  ----------  --------------  -------------------
/opt/airflow/dags/my_dag.py    270  0.00s             1           0  0.12s           2024-02-23T13:52:28
================================================================================
[2024-02-23T13:53:28.975+0000] {manager.py:879} INFO - 
================================================================================
DAG File Processing Stats

File Path                      PID  Runtime      # DAGs    # Errors  Last Runtime    Last Run
---------------------------  -----  ---------  --------  ----------  --------------  -------------------
/opt/airflow/dags/my_dag.py    277  0.00s             1           0  0.10s           2024-02-23T13:52:58
================================================================================
[2024-02-23T13:53:59.144+0000] {manager.py:879} INFO - 
================================================================================
DAG File Processing Stats

File Path                      PID  Runtime      # DAGs    # Errors  Last Runtime    Last Run
---------------------------  -----  ---------  --------  ----------  --------------  -------------------
/opt/airflow/dags/my_dag.py    284  0.00s             1           0  0.12s           2024-02-23T13:53:29
================================================================================
[2024-02-23T13:54:29.385+0000] {manager.py:879} INFO - 
================================================================================
DAG File Processing Stats

File Path                      PID  Runtime      # DAGs    # Errors  Last Runtime    Last Run
---------------------------  -----  ---------  --------  ----------  --------------  -------------------
/opt/airflow/dags/my_dag.py    291  0.00s             1           0  0.09s           2024-02-23T13:53:59
================================================================================
[2024-02-23T13:54:59.557+0000] {manager.py:879} INFO - 
================================================================================
DAG File Processing Stats

File Path                      PID  Runtime      # DAGs    # Errors  Last Runtime    Last Run
---------------------------  -----  ---------  --------  ----------  --------------  -------------------
/opt/airflow/dags/my_dag.py    298  0.00s             1           0  0.10s           2024-02-23T13:54:29
================================================================================
[2024-02-23T13:55:29.783+0000] {manager.py:879} INFO - 
================================================================================
DAG File Processing Stats

File Path                      PID  Runtime      # DAGs    # Errors  Last Runtime    Last Run
---------------------------  -----  ---------  --------  ----------  --------------  -------------------
/opt/airflow/dags/my_dag.py    305  0.00s             1           0  0.09s           2024-02-23T13:54:59
================================================================================
[2024-02-23T13:55:59.943+0000] {manager.py:879} INFO - 
================================================================================
DAG File Processing Stats

File Path                      PID  Runtime      # DAGs    # Errors  Last Runtime    Last Run
---------------------------  -----  ---------  --------  ----------  --------------  -------------------
/opt/airflow/dags/my_dag.py    312  0.00s             1           0  0.09s           2024-02-23T13:55:29
================================================================================
[2024-02-23T13:56:25.126+0000] {manager.py:738} INFO - Searching for files in /opt/airflow/dags
[2024-02-23T13:56:25.139+0000] {manager.py:741} INFO - There are 1 files in /opt/airflow/dags
[2024-02-23T13:56:30.180+0000] {manager.py:879} INFO - 
================================================================================
DAG File Processing Stats

File Path                      PID  Runtime      # DAGs    # Errors  Last Runtime    Last Run
---------------------------  -----  ---------  --------  ----------  --------------  -------------------
/opt/airflow/dags/my_dag.py    319  0.00s             1           0  0.11s           2024-02-23T13:56:00
================================================================================
[2024-02-23T13:57:00.353+0000] {manager.py:879} INFO - 
================================================================================
DAG File Processing Stats

File Path                      PID  Runtime      # DAGs    # Errors  Last Runtime    Last Run
---------------------------  -----  ---------  --------  ----------  --------------  -------------------
/opt/airflow/dags/my_dag.py    326  0.00s             1           0  0.11s           2024-02-23T13:56:30
================================================================================
[2024-02-23T13:57:30.582+0000] {manager.py:879} INFO - 
================================================================================
DAG File Processing Stats

File Path                      PID  Runtime      # DAGs    # Errors  Last Runtime    Last Run
---------------------------  -----  ---------  --------  ----------  --------------  -------------------
/opt/airflow/dags/my_dag.py    333  0.00s             1           0  0.12s           2024-02-23T13:57:00
================================================================================
[2024-02-23T13:58:00.745+0000] {manager.py:879} INFO - 
================================================================================
DAG File Processing Stats

File Path                      PID  Runtime      # DAGs    # Errors  Last Runtime    Last Run
---------------------------  -----  ---------  --------  ----------  --------------  -------------------
/opt/airflow/dags/my_dag.py    340  0.00s             1           0  0.09s           2024-02-23T13:57:30
================================================================================
[2024-02-23T13:58:30.951+0000] {manager.py:879} INFO - 
================================================================================
DAG File Processing Stats

File Path                      PID  Runtime      # DAGs    # Errors  Last Runtime    Last Run
---------------------------  -----  ---------  --------  ----------  --------------  -------------------
/opt/airflow/dags/my_dag.py    347  0.00s             1           0  0.10s           2024-02-23T13:58:00
================================================================================
[2024-02-23T13:59:01.109+0000] {manager.py:879} INFO - 
================================================================================
DAG File Processing Stats

File Path                      PID  Runtime      # DAGs    # Errors  Last Runtime    Last Run
---------------------------  -----  ---------  --------  ----------  --------------  -------------------
/opt/airflow/dags/my_dag.py    354  0.00s             1           0  0.09s           2024-02-23T13:58:31
================================================================================
[2024-02-23T13:59:31.315+0000] {manager.py:879} INFO - 
================================================================================
DAG File Processing Stats

File Path                      PID  Runtime      # DAGs    # Errors  Last Runtime    Last Run
---------------------------  -----  ---------  --------  ----------  --------------  -------------------
/opt/airflow/dags/my_dag.py    361  0.00s             1           0  0.10s           2024-02-23T13:59:01
================================================================================
[2024-02-23T14:00:01.482+0000] {manager.py:879} INFO - 
================================================================================
DAG File Processing Stats

File Path                      PID  Runtime      # DAGs    # Errors  Last Runtime    Last Run
---------------------------  -----  ---------  --------  ----------  --------------  -------------------
/opt/airflow/dags/my_dag.py    368  0.00s             1           0  0.09s           2024-02-23T13:59:31
================================================================================
[2024-02-23T14:00:31.700+0000] {manager.py:879} INFO - 
================================================================================
DAG File Processing Stats

File Path                      PID  Runtime      # DAGs    # Errors  Last Runtime    Last Run
---------------------------  -----  ---------  --------  ----------  --------------  -------------------
/opt/airflow/dags/my_dag.py    375  0.00s             1           0  0.09s           2024-02-23T14:00:01
================================================================================
[2024-02-23T14:01:01.858+0000] {manager.py:879} INFO - 
================================================================================
DAG File Processing Stats

File Path                      PID  Runtime      # DAGs    # Errors  Last Runtime    Last Run
---------------------------  -----  ---------  --------  ----------  --------------  -------------------
/opt/airflow/dags/my_dag.py    382  0.00s             1           0  0.09s           2024-02-23T14:00:31
================================================================================
[2024-02-23T14:01:26.015+0000] {manager.py:738} INFO - Searching for files in /opt/airflow/dags
[2024-02-23T14:01:26.030+0000] {manager.py:741} INFO - There are 1 files in /opt/airflow/dags
[2024-02-23T14:01:32.074+0000] {manager.py:879} INFO - 
================================================================================
DAG File Processing Stats

File Path                      PID  Runtime      # DAGs    # Errors  Last Runtime    Last Run
---------------------------  -----  ---------  --------  ----------  --------------  -------------------
/opt/airflow/dags/my_dag.py    389  0.00s             1           0  0.09s           2024-02-23T14:01:01
================================================================================
[2024-02-23T14:02:02.236+0000] {manager.py:879} INFO - 
================================================================================
DAG File Processing Stats

File Path                      PID  Runtime      # DAGs    # Errors  Last Runtime    Last Run
---------------------------  -----  ---------  --------  ----------  --------------  -------------------
/opt/airflow/dags/my_dag.py    396  0.00s             1           0  0.09s           2024-02-23T14:01:32
================================================================================
[2024-02-23T14:02:32.436+0000] {manager.py:879} INFO - 
================================================================================
DAG File Processing Stats

File Path                      PID  Runtime      # DAGs    # Errors  Last Runtime    Last Run
---------------------------  -----  ---------  --------  ----------  --------------  -------------------
/opt/airflow/dags/my_dag.py    403  0.00s             1           0  0.09s           2024-02-23T14:02:02
================================================================================
[2024-02-23T14:03:02.600+0000] {manager.py:879} INFO - 
================================================================================
DAG File Processing Stats

File Path                      PID  Runtime      # DAGs    # Errors  Last Runtime    Last Run
---------------------------  -----  ---------  --------  ----------  --------------  -------------------
/opt/airflow/dags/my_dag.py    410  0.00s             1           0  0.10s           2024-02-23T14:02:32
================================================================================
[2024-02-23T14:03:32.808+0000] {manager.py:879} INFO - 
================================================================================
DAG File Processing Stats

File Path                      PID  Runtime      # DAGs    # Errors  Last Runtime    Last Run
---------------------------  -----  ---------  --------  ----------  --------------  -------------------
/opt/airflow/dags/my_dag.py    417  0.00s             1           0  0.10s           2024-02-23T14:03:02
================================================================================
[2024-02-23T14:04:02.965+0000] {manager.py:879} INFO - 
================================================================================
DAG File Processing Stats

File Path                      PID  Runtime      # DAGs    # Errors  Last Runtime    Last Run
---------------------------  -----  ---------  --------  ----------  --------------  -------------------
/opt/airflow/dags/my_dag.py    424  0.00s             1           0  0.09s           2024-02-23T14:03:32
================================================================================
[2024-02-23T14:04:33.163+0000] {manager.py:879} INFO - 
================================================================================
DAG File Processing Stats

File Path                      PID  Runtime      # DAGs    # Errors  Last Runtime    Last Run
---------------------------  -----  ---------  --------  ----------  --------------  -------------------
/opt/airflow/dags/my_dag.py    431  0.00s             1           0  0.09s           2024-02-23T14:04:03
================================================================================
[2024-02-23T14:05:03.319+0000] {manager.py:879} INFO - 
================================================================================
DAG File Processing Stats

File Path                      PID  Runtime      # DAGs    # Errors  Last Runtime    Last Run
---------------------------  -----  ---------  --------  ----------  --------------  -------------------
/opt/airflow/dags/my_dag.py    438  0.00s             1           0  0.10s           2024-02-23T14:04:33
================================================================================
[2024-02-23T14:05:33.536+0000] {manager.py:879} INFO - 
================================================================================
DAG File Processing Stats

File Path                      PID  Runtime      # DAGs    # Errors  Last Runtime    Last Run
---------------------------  -----  ---------  --------  ----------  --------------  -------------------
/opt/airflow/dags/my_dag.py    445  0.00s             1           0  0.10s           2024-02-23T14:05:03
================================================================================
[2024-02-23T14:06:03.694+0000] {manager.py:879} INFO - 
================================================================================
DAG File Processing Stats

File Path                      PID  Runtime      # DAGs    # Errors  Last Runtime    Last Run
---------------------------  -----  ---------  --------  ----------  --------------  -------------------
/opt/airflow/dags/my_dag.py    452  0.00s             1           0  0.10s           2024-02-23T14:05:33
================================================================================
[2024-02-23T14:06:26.873+0000] {manager.py:738} INFO - Searching for files in /opt/airflow/dags
[2024-02-23T14:06:26.885+0000] {manager.py:741} INFO - There are 1 files in /opt/airflow/dags
[2024-02-23T14:06:33.938+0000] {manager.py:879} INFO - 
================================================================================
DAG File Processing Stats

File Path                      PID  Runtime      # DAGs    # Errors  Last Runtime    Last Run
---------------------------  -----  ---------  --------  ----------  --------------  -------------------
/opt/airflow/dags/my_dag.py    459  0.00s             1           0  0.09s           2024-02-23T14:06:03
================================================================================
[2024-02-23T14:07:04.101+0000] {manager.py:879} INFO - 
================================================================================
DAG File Processing Stats

File Path                      PID  Runtime      # DAGs    # Errors  Last Runtime    Last Run
---------------------------  -----  ---------  --------  ----------  --------------  -------------------
/opt/airflow/dags/my_dag.py    466  0.00s             1           0  0.10s           2024-02-23T14:06:34
================================================================================
[2024-02-23T14:07:34.315+0000] {manager.py:879} INFO - 
================================================================================
DAG File Processing Stats

File Path                      PID  Runtime      # DAGs    # Errors  Last Runtime    Last Run
---------------------------  -----  ---------  --------  ----------  --------------  -------------------
/opt/airflow/dags/my_dag.py    473  0.00s             1           0  0.09s           2024-02-23T14:07:04
================================================================================
[2024-02-23T14:08:04.481+0000] {manager.py:879} INFO - 
================================================================================
DAG File Processing Stats

File Path                      PID  Runtime      # DAGs    # Errors  Last Runtime    Last Run
---------------------------  -----  ---------  --------  ----------  --------------  -------------------
/opt/airflow/dags/my_dag.py    480  0.00s             1           0  0.09s           2024-02-23T14:07:34
================================================================================
[2024-02-23T14:08:34.677+0000] {manager.py:879} INFO - 
================================================================================
DAG File Processing Stats

File Path                      PID  Runtime      # DAGs    # Errors  Last Runtime    Last Run
---------------------------  -----  ---------  --------  ----------  --------------  -------------------
/opt/airflow/dags/my_dag.py    487  0.00s             1           0  0.11s           2024-02-23T14:08:04
================================================================================
[2024-02-23T14:09:04.880+0000] {manager.py:879} INFO - 
================================================================================
DAG File Processing Stats

File Path                      PID  Runtime      # DAGs    # Errors  Last Runtime    Last Run
---------------------------  -----  ---------  --------  ----------  --------------  -------------------
/opt/airflow/dags/my_dag.py    494  0.00s             1           0  0.09s           2024-02-23T14:08:34
================================================================================
[2024-02-23T14:09:35.048+0000] {manager.py:879} INFO - 
================================================================================
DAG File Processing Stats

File Path                      PID  Runtime      # DAGs    # Errors  Last Runtime    Last Run
---------------------------  -----  ---------  --------  ----------  --------------  -------------------
/opt/airflow/dags/my_dag.py    501  0.00s             1           0  0.09s           2024-02-23T14:09:04
================================================================================
[2024-02-23T14:10:05.249+0000] {manager.py:879} INFO - 
================================================================================
DAG File Processing Stats

File Path                      PID  Runtime      # DAGs    # Errors  Last Runtime    Last Run
---------------------------  -----  ---------  --------  ----------  --------------  -------------------
/opt/airflow/dags/my_dag.py    508  0.00s             1           0  0.09s           2024-02-23T14:09:35
================================================================================
[2024-02-23T14:10:35.419+0000] {manager.py:879} INFO - 
================================================================================
DAG File Processing Stats

File Path                      PID  Runtime      # DAGs    # Errors  Last Runtime    Last Run
---------------------------  -----  ---------  --------  ----------  --------------  -------------------
/opt/airflow/dags/my_dag.py    515  0.00s             1           0  0.09s           2024-02-23T14:10:05
================================================================================
[2024-02-23T14:11:05.607+0000] {manager.py:879} INFO - 
================================================================================
DAG File Processing Stats

File Path                      PID  Runtime      # DAGs    # Errors  Last Runtime    Last Run
---------------------------  -----  ---------  --------  ----------  --------------  -------------------
/opt/airflow/dags/my_dag.py    522  0.00s             1           0  0.09s           2024-02-23T14:10:35
================================================================================
[2024-02-23T14:11:27.726+0000] {manager.py:738} INFO - Searching for files in /opt/airflow/dags
[2024-02-23T14:11:27.738+0000] {manager.py:741} INFO - There are 1 files in /opt/airflow/dags
[2024-02-23T14:11:35.795+0000] {manager.py:879} INFO - 
================================================================================
DAG File Processing Stats

File Path                      PID  Runtime      # DAGs    # Errors  Last Runtime    Last Run
---------------------------  -----  ---------  --------  ----------  --------------  -------------------
/opt/airflow/dags/my_dag.py    529  0.00s             1           0  0.09s           2024-02-23T14:11:05
================================================================================
[2024-02-23T14:12:05.967+0000] {manager.py:879} INFO - 
================================================================================
DAG File Processing Stats

File Path                      PID  Runtime      # DAGs    # Errors  Last Runtime    Last Run
---------------------------  -----  ---------  --------  ----------  --------------  -------------------
/opt/airflow/dags/my_dag.py    536  0.00s             1           0  0.09s           2024-02-23T14:11:35
================================================================================
[2024-02-23T14:12:36.155+0000] {manager.py:879} INFO - 
================================================================================
DAG File Processing Stats

File Path                      PID  Runtime      # DAGs    # Errors  Last Runtime    Last Run
---------------------------  -----  ---------  --------  ----------  --------------  -------------------
/opt/airflow/dags/my_dag.py    543  0.00s             1           0  0.09s           2024-02-23T14:12:06
================================================================================
[2024-02-23T14:13:06.323+0000] {manager.py:879} INFO - 
================================================================================
DAG File Processing Stats

File Path                      PID  Runtime      # DAGs    # Errors  Last Runtime    Last Run
---------------------------  -----  ---------  --------  ----------  --------------  -------------------
/opt/airflow/dags/my_dag.py    550  0.00s             1           0  0.09s           2024-02-23T14:12:36
================================================================================
[2024-02-23T14:13:36.522+0000] {manager.py:879} INFO - 
================================================================================
DAG File Processing Stats

File Path                      PID  Runtime      # DAGs    # Errors  Last Runtime    Last Run
---------------------------  -----  ---------  --------  ----------  --------------  -------------------
/opt/airflow/dags/my_dag.py    557  0.00s             1           0  0.09s           2024-02-23T14:13:06
================================================================================
[2024-02-23T14:14:06.688+0000] {manager.py:879} INFO - 
================================================================================
DAG File Processing Stats

File Path                      PID  Runtime      # DAGs    # Errors  Last Runtime    Last Run
---------------------------  -----  ---------  --------  ----------  --------------  -------------------
/opt/airflow/dags/my_dag.py    564  0.00s             1           0  0.09s           2024-02-23T14:13:36
================================================================================
[2024-02-23T14:14:36.881+0000] {manager.py:879} INFO - 
================================================================================
DAG File Processing Stats

File Path                      PID  Runtime      # DAGs    # Errors  Last Runtime    Last Run
---------------------------  -----  ---------  --------  ----------  --------------  -------------------
/opt/airflow/dags/my_dag.py    571  0.00s             1           0  0.09s           2024-02-23T14:14:06
================================================================================
[2024-02-23T14:15:07.041+0000] {manager.py:879} INFO - 
================================================================================
DAG File Processing Stats

File Path                      PID  Runtime      # DAGs    # Errors  Last Runtime    Last Run
---------------------------  -----  ---------  --------  ----------  --------------  -------------------
/opt/airflow/dags/my_dag.py    578  0.00s             1           0  0.09s           2024-02-23T14:14:36
================================================================================
[2024-02-23T14:15:37.247+0000] {manager.py:879} INFO - 
================================================================================
DAG File Processing Stats

File Path                      PID  Runtime      # DAGs    # Errors  Last Runtime    Last Run
---------------------------  -----  ---------  --------  ----------  --------------  -------------------
/opt/airflow/dags/my_dag.py    585  0.00s             1           0  0.09s           2024-02-23T14:15:07
================================================================================
[2024-02-23T14:16:07.416+0000] {manager.py:879} INFO - 
================================================================================
DAG File Processing Stats

File Path                      PID  Runtime      # DAGs    # Errors  Last Runtime    Last Run
---------------------------  -----  ---------  --------  ----------  --------------  -------------------
/opt/airflow/dags/my_dag.py    592  0.00s             1           0  0.09s           2024-02-23T14:15:37
================================================================================
[2024-02-23T14:16:28.564+0000] {manager.py:738} INFO - Searching for files in /opt/airflow/dags
[2024-02-23T14:16:28.581+0000] {manager.py:741} INFO - There are 1 files in /opt/airflow/dags
[2024-02-23T14:16:37.643+0000] {manager.py:879} INFO - 
================================================================================
DAG File Processing Stats

File Path                      PID  Runtime      # DAGs    # Errors  Last Runtime    Last Run
---------------------------  -----  ---------  --------  ----------  --------------  -------------------
/opt/airflow/dags/my_dag.py    599  0.00s             1           0  0.09s           2024-02-23T14:16:07
================================================================================
[2024-02-23T14:17:07.808+0000] {manager.py:879} INFO - 
================================================================================
DAG File Processing Stats

File Path                      PID  Runtime      # DAGs    # Errors  Last Runtime    Last Run
---------------------------  -----  ---------  --------  ----------  --------------  -------------------
/opt/airflow/dags/my_dag.py    606  0.00s             1           0  0.09s           2024-02-23T14:16:37
================================================================================
[2024-02-23T14:17:38.003+0000] {manager.py:879} INFO - 
================================================================================
DAG File Processing Stats

File Path                      PID  Runtime      # DAGs    # Errors  Last Runtime    Last Run
---------------------------  -----  ---------  --------  ----------  --------------  -------------------
/opt/airflow/dags/my_dag.py    613  0.00s             1           0  0.09s           2024-02-23T14:17:07
================================================================================
[2024-02-23T14:18:08.168+0000] {manager.py:879} INFO - 
================================================================================
DAG File Processing Stats

File Path                      PID  Runtime      # DAGs    # Errors  Last Runtime    Last Run
---------------------------  -----  ---------  --------  ----------  --------------  -------------------
/opt/airflow/dags/my_dag.py    620  0.00s             1           0  0.09s           2024-02-23T14:17:38
================================================================================
[2024-02-23T14:18:38.525+0000] {manager.py:879} INFO - 
================================================================================
DAG File Processing Stats

File Path                      PID  Runtime      # DAGs    # Errors  Last Runtime    Last Run
---------------------------  -----  ---------  --------  ----------  --------------  -------------------
/opt/airflow/dags/my_dag.py    627  0.04s             1           0  0.09s           2024-02-23T14:18:08
================================================================================
[2024-02-23T14:19:08.763+0000] {manager.py:879} INFO - 
================================================================================
DAG File Processing Stats

File Path                    PID    Runtime      # DAGs    # Errors  Last Runtime    Last Run
---------------------------  -----  ---------  --------  ----------  --------------  -------------------
/opt/airflow/dags/my_dag.py                           1           0  0.56s           2024-02-23T14:18:39
================================================================================
[2024-02-23T14:19:39.433+0000] {manager.py:879} INFO - 
================================================================================
DAG File Processing Stats

File Path                      PID  Runtime      # DAGs    # Errors  Last Runtime    Last Run
---------------------------  -----  ---------  --------  ----------  --------------  -------------------
/opt/airflow/dags/my_dag.py    641  0.01s             1           0  0.10s           2024-02-23T14:19:09
================================================================================
[2024-02-23T14:20:09.660+0000] {manager.py:879} INFO - 
================================================================================
DAG File Processing Stats

File Path                      PID  Runtime      # DAGs    # Errors  Last Runtime    Last Run
---------------------------  -----  ---------  --------  ----------  --------------  -------------------
/opt/airflow/dags/my_dag.py    648  0.00s             1           0  0.20s           2024-02-23T14:19:39
================================================================================
[2024-02-23T14:20:39.830+0000] {manager.py:879} INFO - 
================================================================================
DAG File Processing Stats

File Path                      PID  Runtime      # DAGs    # Errors  Last Runtime    Last Run
---------------------------  -----  ---------  --------  ----------  --------------  -------------------
/opt/airflow/dags/my_dag.py    655  0.00s             1           0  0.09s           2024-02-23T14:20:09
================================================================================
[2024-02-23T14:21:10.039+0000] {manager.py:879} INFO - 
================================================================================
DAG File Processing Stats

File Path                      PID  Runtime      # DAGs    # Errors  Last Runtime    Last Run
---------------------------  -----  ---------  --------  ----------  --------------  -------------------
/opt/airflow/dags/my_dag.py    662  0.00s             1           0  0.09s           2024-02-23T14:20:39
================================================================================
[2024-02-23T14:21:29.138+0000] {manager.py:738} INFO - Searching for files in /opt/airflow/dags
[2024-02-23T14:21:29.153+0000] {manager.py:741} INFO - There are 1 files in /opt/airflow/dags
[2024-02-23T14:21:40.227+0000] {manager.py:879} INFO - 
================================================================================
DAG File Processing Stats

File Path                      PID  Runtime      # DAGs    # Errors  Last Runtime    Last Run
---------------------------  -----  ---------  --------  ----------  --------------  -------------------
/opt/airflow/dags/my_dag.py    669  0.00s             1           0  0.09s           2024-02-23T14:21:10
================================================================================
[2024-02-23T14:22:10.398+0000] {manager.py:879} INFO - 
================================================================================
DAG File Processing Stats

File Path                      PID  Runtime      # DAGs    # Errors  Last Runtime    Last Run
---------------------------  -----  ---------  --------  ----------  --------------  -------------------
/opt/airflow/dags/my_dag.py    676  0.00s             1           0  0.09s           2024-02-23T14:21:40
================================================================================
[2024-02-23T14:22:40.613+0000] {manager.py:879} INFO - 
================================================================================
DAG File Processing Stats

File Path                      PID  Runtime      # DAGs    # Errors  Last Runtime    Last Run
---------------------------  -----  ---------  --------  ----------  --------------  -------------------
/opt/airflow/dags/my_dag.py    683  0.00s             1           0  0.09s           2024-02-23T14:22:10
================================================================================
[2024-02-23T14:23:10.799+0000] {manager.py:879} INFO - 
================================================================================
DAG File Processing Stats

File Path                      PID  Runtime      # DAGs    # Errors  Last Runtime    Last Run
---------------------------  -----  ---------  --------  ----------  --------------  -------------------
/opt/airflow/dags/my_dag.py    690  0.00s             1           0  0.09s           2024-02-23T14:22:40
================================================================================
[2024-02-23T14:23:41.056+0000] {manager.py:879} INFO - 
================================================================================
DAG File Processing Stats

File Path                      PID  Runtime      # DAGs    # Errors  Last Runtime    Last Run
---------------------------  -----  ---------  --------  ----------  --------------  -------------------
/opt/airflow/dags/my_dag.py    697  0.01s             1           0  0.09s           2024-02-23T14:23:10
================================================================================
[2024-02-23T14:24:11.230+0000] {manager.py:879} INFO - 
================================================================================
DAG File Processing Stats

File Path                      PID  Runtime      # DAGs    # Errors  Last Runtime    Last Run
---------------------------  -----  ---------  --------  ----------  --------------  -------------------
/opt/airflow/dags/my_dag.py    704  0.00s             1           0  0.13s           2024-02-23T14:23:41
================================================================================
[2024-02-23T14:24:41.490+0000] {manager.py:879} INFO - 
================================================================================
DAG File Processing Stats

File Path                      PID  Runtime      # DAGs    # Errors  Last Runtime    Last Run
---------------------------  -----  ---------  --------  ----------  --------------  -------------------
/opt/airflow/dags/my_dag.py    717  0.00s             1           0  0.10s           2024-02-23T14:24:11
================================================================================
[2024-02-23T14:25:11.665+0000] {manager.py:879} INFO - 
================================================================================
DAG File Processing Stats

File Path                      PID  Runtime      # DAGs    # Errors  Last Runtime    Last Run
---------------------------  -----  ---------  --------  ----------  --------------  -------------------
/opt/airflow/dags/my_dag.py    724  0.00s             1           0  0.10s           2024-02-23T14:24:41
================================================================================
[2024-02-23T14:25:41.886+0000] {manager.py:879} INFO - 
================================================================================
DAG File Processing Stats

File Path                      PID  Runtime      # DAGs    # Errors  Last Runtime    Last Run
---------------------------  -----  ---------  --------  ----------  --------------  -------------------
/opt/airflow/dags/my_dag.py    731  0.00s             1           0  0.09s           2024-02-23T14:25:11
================================================================================
[2024-02-23T14:26:12.050+0000] {manager.py:879} INFO - 
================================================================================
DAG File Processing Stats

File Path                      PID  Runtime      # DAGs    # Errors  Last Runtime    Last Run
---------------------------  -----  ---------  --------  ----------  --------------  -------------------
/opt/airflow/dags/my_dag.py    738  0.00s             1           0  0.09s           2024-02-23T14:25:41
================================================================================
[2024-02-23T14:26:29.170+0000] {manager.py:738} INFO - Searching for files in /opt/airflow/dags
[2024-02-23T14:26:29.184+0000] {manager.py:741} INFO - There are 1 files in /opt/airflow/dags
[2024-02-23T14:26:42.264+0000] {manager.py:879} INFO - 
================================================================================
DAG File Processing Stats

File Path                      PID  Runtime      # DAGs    # Errors  Last Runtime    Last Run
---------------------------  -----  ---------  --------  ----------  --------------  -------------------
/opt/airflow/dags/my_dag.py    745  0.00s             1           0  0.09s           2024-02-23T14:26:12
================================================================================
[2024-02-23T14:27:12.426+0000] {manager.py:879} INFO - 
================================================================================
DAG File Processing Stats

File Path                      PID  Runtime      # DAGs    # Errors  Last Runtime    Last Run
---------------------------  -----  ---------  --------  ----------  --------------  -------------------
/opt/airflow/dags/my_dag.py    753  0.00s             1           0  0.10s           2024-02-23T14:26:42
================================================================================
[2024-02-23T14:27:42.646+0000] {manager.py:879} INFO - 
================================================================================
DAG File Processing Stats

File Path                      PID  Runtime      # DAGs    # Errors  Last Runtime    Last Run
---------------------------  -----  ---------  --------  ----------  --------------  -------------------
/opt/airflow/dags/my_dag.py    760  0.01s             1           0  0.09s           2024-02-23T14:27:12
================================================================================
[2024-02-23T14:28:12.831+0000] {manager.py:879} INFO - 
================================================================================
DAG File Processing Stats

File Path                      PID  Runtime      # DAGs    # Errors  Last Runtime    Last Run
---------------------------  -----  ---------  --------  ----------  --------------  -------------------
/opt/airflow/dags/my_dag.py    767  0.00s             1           0  0.17s           2024-02-23T14:27:42
================================================================================
[2024-02-23T14:28:43.006+0000] {manager.py:879} INFO - 
================================================================================
DAG File Processing Stats

File Path                      PID  Runtime      # DAGs    # Errors  Last Runtime    Last Run
---------------------------  -----  ---------  --------  ----------  --------------  -------------------
/opt/airflow/dags/my_dag.py    774  0.00s             1           0  0.09s           2024-02-23T14:28:12
================================================================================
[2024-02-23T14:29:13.219+0000] {manager.py:879} INFO - 
================================================================================
DAG File Processing Stats

File Path                      PID  Runtime      # DAGs    # Errors  Last Runtime    Last Run
---------------------------  -----  ---------  --------  ----------  --------------  -------------------
/opt/airflow/dags/my_dag.py    781  0.00s             1           0  0.09s           2024-02-23T14:28:43
================================================================================
[2024-02-23T14:29:43.420+0000] {manager.py:879} INFO - 
================================================================================
DAG File Processing Stats

File Path                      PID  Runtime      # DAGs    # Errors  Last Runtime    Last Run
---------------------------  -----  ---------  --------  ----------  --------------  -------------------
/opt/airflow/dags/my_dag.py    788  0.01s             1           0  0.09s           2024-02-23T14:29:13
================================================================================
[2024-02-23T14:30:13.614+0000] {manager.py:879} INFO - 
================================================================================
DAG File Processing Stats

File Path                      PID  Runtime      # DAGs    # Errors  Last Runtime    Last Run
---------------------------  -----  ---------  --------  ----------  --------------  -------------------
/opt/airflow/dags/my_dag.py    795  0.00s             1           0  0.18s           2024-02-23T14:29:43
================================================================================
[2024-02-23T14:30:43.881+0000] {manager.py:879} INFO - 
================================================================================
DAG File Processing Stats

File Path                      PID  Runtime      # DAGs    # Errors  Last Runtime    Last Run
---------------------------  -----  ---------  --------  ----------  --------------  -------------------
/opt/airflow/dags/my_dag.py    802  0.00s             1           0  0.11s           2024-02-23T14:30:13
================================================================================
[2024-02-23T14:31:14.051+0000] {manager.py:879} INFO - 
================================================================================
DAG File Processing Stats

File Path                      PID  Runtime      # DAGs    # Errors  Last Runtime    Last Run
---------------------------  -----  ---------  --------  ----------  --------------  -------------------
/opt/airflow/dags/my_dag.py    809  0.00s             1           0  0.10s           2024-02-23T14:30:43
================================================================================
[2024-02-23T14:31:29.176+0000] {manager.py:738} INFO - Searching for files in /opt/airflow/dags
[2024-02-23T14:31:29.190+0000] {manager.py:741} INFO - There are 1 files in /opt/airflow/dags
[2024-02-23T14:31:44.284+0000] {manager.py:879} INFO - 
================================================================================
DAG File Processing Stats

File Path                      PID  Runtime      # DAGs    # Errors  Last Runtime    Last Run
---------------------------  -----  ---------  --------  ----------  --------------  -------------------
/opt/airflow/dags/my_dag.py    816  0.00s             1           0  0.09s           2024-02-23T14:31:14
================================================================================
[2024-02-23T14:32:14.449+0000] {manager.py:879} INFO - 
================================================================================
DAG File Processing Stats

File Path                      PID  Runtime      # DAGs    # Errors  Last Runtime    Last Run
---------------------------  -----  ---------  --------  ----------  --------------  -------------------
/opt/airflow/dags/my_dag.py    823  0.00s             1           0  0.09s           2024-02-23T14:31:44
================================================================================
[2024-02-23T14:32:44.669+0000] {manager.py:879} INFO - 
================================================================================
DAG File Processing Stats

File Path                      PID  Runtime      # DAGs    # Errors  Last Runtime    Last Run
---------------------------  -----  ---------  --------  ----------  --------------  -------------------
/opt/airflow/dags/my_dag.py    830  0.00s             1           0  0.10s           2024-02-23T14:32:14
================================================================================
[2024-02-23T14:33:14.845+0000] {manager.py:879} INFO - 
================================================================================
DAG File Processing Stats

File Path                      PID  Runtime      # DAGs    # Errors  Last Runtime    Last Run
---------------------------  -----  ---------  --------  ----------  --------------  -------------------
/opt/airflow/dags/my_dag.py    837  0.00s             1           0  0.10s           2024-02-23T14:32:44
================================================================================
[2024-02-23T14:33:45.067+0000] {manager.py:879} INFO - 
================================================================================
DAG File Processing Stats

File Path                      PID  Runtime      # DAGs    # Errors  Last Runtime    Last Run
---------------------------  -----  ---------  --------  ----------  --------------  -------------------
/opt/airflow/dags/my_dag.py    844  0.00s             1           0  0.09s           2024-02-23T14:33:14
================================================================================
[2024-02-23T14:34:15.299+0000] {manager.py:879} INFO - 
================================================================================
DAG File Processing Stats

File Path                      PID  Runtime      # DAGs    # Errors  Last Runtime    Last Run
---------------------------  -----  ---------  --------  ----------  --------------  -------------------
/opt/airflow/dags/my_dag.py    851  0.00s             1           0  0.10s           2024-02-23T14:33:45
================================================================================
[2024-02-23T14:34:43.859+0000] {manager.py:451} INFO - Exiting gracefully upon receiving signal 15
