[2024-04-04T06:24:29.594+0000] {processor.py:161} INFO - Started process (PID=38) to work on /opt/airflow/dags/my_dag.py
[2024-04-04T06:24:29.597+0000] {processor.py:830} INFO - Processing file /opt/airflow/dags/my_dag.py for tasks to queue
[2024-04-04T06:24:29.601+0000] {logging_mixin.py:188} INFO - [2024-04-04T06:24:29.601+0000] {dagbag.py:538} INFO - Filling up the DagBag from /opt/airflow/dags/my_dag.py
[2024-04-04T06:24:29.637+0000] {processor.py:840} INFO - DAG(s) 'my_dag' retrieved from /opt/airflow/dags/my_dag.py
[2024-04-04T06:24:29.883+0000] {logging_mixin.py:188} INFO - [2024-04-04T06:24:29.883+0000] {dag.py:3036} INFO - Sync 1 DAGs
[2024-04-04T06:24:29.904+0000] {logging_mixin.py:188} INFO - [2024-04-04T06:24:29.904+0000] {dag.py:3823} INFO - Setting next_dagrun for my_dag to 2024-04-02 14:30:00+00:00, run_after=2024-04-03 14:30:00+00:00
[2024-04-04T06:24:29.924+0000] {processor.py:183} INFO - Processing /opt/airflow/dags/my_dag.py took 0.336 seconds
[2024-04-04T06:25:00.083+0000] {processor.py:161} INFO - Started process (PID=45) to work on /opt/airflow/dags/my_dag.py
[2024-04-04T06:25:00.084+0000] {processor.py:830} INFO - Processing file /opt/airflow/dags/my_dag.py for tasks to queue
[2024-04-04T06:25:00.088+0000] {logging_mixin.py:188} INFO - [2024-04-04T06:25:00.088+0000] {dagbag.py:538} INFO - Filling up the DagBag from /opt/airflow/dags/my_dag.py
[2024-04-04T06:25:00.110+0000] {processor.py:840} INFO - DAG(s) 'my_dag' retrieved from /opt/airflow/dags/my_dag.py
[2024-04-04T06:25:00.131+0000] {logging_mixin.py:188} INFO - [2024-04-04T06:25:00.131+0000] {dag.py:3036} INFO - Sync 1 DAGs
[2024-04-04T06:25:00.151+0000] {logging_mixin.py:188} INFO - [2024-04-04T06:25:00.150+0000] {dag.py:3823} INFO - Setting next_dagrun for my_dag to 2024-04-03 14:30:00+00:00, run_after=2024-04-04 14:30:00+00:00
[2024-04-04T06:25:00.165+0000] {processor.py:183} INFO - Processing /opt/airflow/dags/my_dag.py took 0.085 seconds
[2024-04-04T06:25:30.251+0000] {processor.py:161} INFO - Started process (PID=52) to work on /opt/airflow/dags/my_dag.py
[2024-04-04T06:25:30.252+0000] {processor.py:830} INFO - Processing file /opt/airflow/dags/my_dag.py for tasks to queue
[2024-04-04T06:25:30.253+0000] {logging_mixin.py:188} INFO - [2024-04-04T06:25:30.253+0000] {dagbag.py:538} INFO - Filling up the DagBag from /opt/airflow/dags/my_dag.py
[2024-04-04T06:25:30.266+0000] {processor.py:840} INFO - DAG(s) 'my_dag' retrieved from /opt/airflow/dags/my_dag.py
[2024-04-04T06:25:30.285+0000] {logging_mixin.py:188} INFO - [2024-04-04T06:25:30.285+0000] {dag.py:3036} INFO - Sync 1 DAGs
[2024-04-04T06:25:30.303+0000] {logging_mixin.py:188} INFO - [2024-04-04T06:25:30.303+0000] {dag.py:3823} INFO - Setting next_dagrun for my_dag to 2024-04-03 14:30:00+00:00, run_after=2024-04-04 14:30:00+00:00
[2024-04-04T06:25:30.317+0000] {processor.py:183} INFO - Processing /opt/airflow/dags/my_dag.py took 0.068 seconds
[2024-04-04T06:26:00.470+0000] {processor.py:161} INFO - Started process (PID=59) to work on /opt/airflow/dags/my_dag.py
[2024-04-04T06:26:00.470+0000] {processor.py:830} INFO - Processing file /opt/airflow/dags/my_dag.py for tasks to queue
[2024-04-04T06:26:00.471+0000] {logging_mixin.py:188} INFO - [2024-04-04T06:26:00.471+0000] {dagbag.py:538} INFO - Filling up the DagBag from /opt/airflow/dags/my_dag.py
[2024-04-04T06:26:00.484+0000] {processor.py:840} INFO - DAG(s) 'my_dag' retrieved from /opt/airflow/dags/my_dag.py
[2024-04-04T06:26:00.503+0000] {logging_mixin.py:188} INFO - [2024-04-04T06:26:00.502+0000] {dag.py:3036} INFO - Sync 1 DAGs
[2024-04-04T06:26:00.521+0000] {logging_mixin.py:188} INFO - [2024-04-04T06:26:00.521+0000] {dag.py:3823} INFO - Setting next_dagrun for my_dag to 2024-04-03 14:30:00+00:00, run_after=2024-04-04 14:30:00+00:00
[2024-04-04T06:26:00.536+0000] {processor.py:183} INFO - Processing /opt/airflow/dags/my_dag.py took 0.068 seconds
[2024-04-04T06:26:30.634+0000] {processor.py:161} INFO - Started process (PID=66) to work on /opt/airflow/dags/my_dag.py
[2024-04-04T06:26:30.635+0000] {processor.py:830} INFO - Processing file /opt/airflow/dags/my_dag.py for tasks to queue
[2024-04-04T06:26:30.636+0000] {logging_mixin.py:188} INFO - [2024-04-04T06:26:30.636+0000] {dagbag.py:538} INFO - Filling up the DagBag from /opt/airflow/dags/my_dag.py
[2024-04-04T06:26:30.649+0000] {processor.py:840} INFO - DAG(s) 'my_dag' retrieved from /opt/airflow/dags/my_dag.py
[2024-04-04T06:26:30.667+0000] {logging_mixin.py:188} INFO - [2024-04-04T06:26:30.667+0000] {dag.py:3036} INFO - Sync 1 DAGs
[2024-04-04T06:26:30.685+0000] {logging_mixin.py:188} INFO - [2024-04-04T06:26:30.685+0000] {dag.py:3823} INFO - Setting next_dagrun for my_dag to 2024-04-03 14:30:00+00:00, run_after=2024-04-04 14:30:00+00:00
[2024-04-04T06:26:30.699+0000] {processor.py:183} INFO - Processing /opt/airflow/dags/my_dag.py took 0.067 seconds
[2024-04-04T06:27:00.828+0000] {processor.py:161} INFO - Started process (PID=73) to work on /opt/airflow/dags/my_dag.py
[2024-04-04T06:27:00.829+0000] {processor.py:830} INFO - Processing file /opt/airflow/dags/my_dag.py for tasks to queue
[2024-04-04T06:27:00.830+0000] {logging_mixin.py:188} INFO - [2024-04-04T06:27:00.830+0000] {dagbag.py:538} INFO - Filling up the DagBag from /opt/airflow/dags/my_dag.py
[2024-04-04T06:27:00.844+0000] {processor.py:840} INFO - DAG(s) 'my_dag' retrieved from /opt/airflow/dags/my_dag.py
[2024-04-04T06:27:00.862+0000] {logging_mixin.py:188} INFO - [2024-04-04T06:27:00.862+0000] {dag.py:3036} INFO - Sync 1 DAGs
[2024-04-04T06:27:00.882+0000] {logging_mixin.py:188} INFO - [2024-04-04T06:27:00.881+0000] {dag.py:3823} INFO - Setting next_dagrun for my_dag to 2024-04-03 14:30:00+00:00, run_after=2024-04-04 14:30:00+00:00
[2024-04-04T06:27:00.897+0000] {processor.py:183} INFO - Processing /opt/airflow/dags/my_dag.py took 0.071 seconds
[2024-04-04T06:27:30.989+0000] {processor.py:161} INFO - Started process (PID=80) to work on /opt/airflow/dags/my_dag.py
[2024-04-04T06:27:30.989+0000] {processor.py:830} INFO - Processing file /opt/airflow/dags/my_dag.py for tasks to queue
[2024-04-04T06:27:30.991+0000] {logging_mixin.py:188} INFO - [2024-04-04T06:27:30.990+0000] {dagbag.py:538} INFO - Filling up the DagBag from /opt/airflow/dags/my_dag.py
[2024-04-04T06:27:31.005+0000] {processor.py:840} INFO - DAG(s) 'my_dag' retrieved from /opt/airflow/dags/my_dag.py
[2024-04-04T06:27:31.024+0000] {logging_mixin.py:188} INFO - [2024-04-04T06:27:31.024+0000] {dag.py:3036} INFO - Sync 1 DAGs
[2024-04-04T06:27:31.041+0000] {logging_mixin.py:188} INFO - [2024-04-04T06:27:31.041+0000] {dag.py:3823} INFO - Setting next_dagrun for my_dag to 2024-04-03 14:30:00+00:00, run_after=2024-04-04 14:30:00+00:00
[2024-04-04T06:27:31.055+0000] {processor.py:183} INFO - Processing /opt/airflow/dags/my_dag.py took 0.068 seconds
[2024-04-04T06:28:01.192+0000] {processor.py:161} INFO - Started process (PID=87) to work on /opt/airflow/dags/my_dag.py
[2024-04-04T06:28:01.193+0000] {processor.py:830} INFO - Processing file /opt/airflow/dags/my_dag.py for tasks to queue
[2024-04-04T06:28:01.194+0000] {logging_mixin.py:188} INFO - [2024-04-04T06:28:01.194+0000] {dagbag.py:538} INFO - Filling up the DagBag from /opt/airflow/dags/my_dag.py
[2024-04-04T06:28:01.207+0000] {processor.py:840} INFO - DAG(s) 'my_dag' retrieved from /opt/airflow/dags/my_dag.py
[2024-04-04T06:28:01.226+0000] {logging_mixin.py:188} INFO - [2024-04-04T06:28:01.225+0000] {dag.py:3036} INFO - Sync 1 DAGs
[2024-04-04T06:28:01.245+0000] {logging_mixin.py:188} INFO - [2024-04-04T06:28:01.245+0000] {dag.py:3823} INFO - Setting next_dagrun for my_dag to 2024-04-03 14:30:00+00:00, run_after=2024-04-04 14:30:00+00:00
[2024-04-04T06:28:01.260+0000] {processor.py:183} INFO - Processing /opt/airflow/dags/my_dag.py took 0.070 seconds
[2024-04-04T06:28:31.362+0000] {processor.py:161} INFO - Started process (PID=94) to work on /opt/airflow/dags/my_dag.py
[2024-04-04T06:28:31.363+0000] {processor.py:830} INFO - Processing file /opt/airflow/dags/my_dag.py for tasks to queue
[2024-04-04T06:28:31.364+0000] {logging_mixin.py:188} INFO - [2024-04-04T06:28:31.364+0000] {dagbag.py:538} INFO - Filling up the DagBag from /opt/airflow/dags/my_dag.py
[2024-04-04T06:28:31.377+0000] {processor.py:840} INFO - DAG(s) 'my_dag' retrieved from /opt/airflow/dags/my_dag.py
[2024-04-04T06:28:31.395+0000] {logging_mixin.py:188} INFO - [2024-04-04T06:28:31.395+0000] {dag.py:3036} INFO - Sync 1 DAGs
[2024-04-04T06:28:31.413+0000] {logging_mixin.py:188} INFO - [2024-04-04T06:28:31.413+0000] {dag.py:3823} INFO - Setting next_dagrun for my_dag to 2024-04-03 14:30:00+00:00, run_after=2024-04-04 14:30:00+00:00
[2024-04-04T06:28:31.427+0000] {processor.py:183} INFO - Processing /opt/airflow/dags/my_dag.py took 0.067 seconds
[2024-04-04T06:29:01.550+0000] {processor.py:161} INFO - Started process (PID=101) to work on /opt/airflow/dags/my_dag.py
[2024-04-04T06:29:01.551+0000] {processor.py:830} INFO - Processing file /opt/airflow/dags/my_dag.py for tasks to queue
[2024-04-04T06:29:01.552+0000] {logging_mixin.py:188} INFO - [2024-04-04T06:29:01.552+0000] {dagbag.py:538} INFO - Filling up the DagBag from /opt/airflow/dags/my_dag.py
[2024-04-04T06:29:01.565+0000] {processor.py:840} INFO - DAG(s) 'my_dag' retrieved from /opt/airflow/dags/my_dag.py
[2024-04-04T06:29:01.584+0000] {logging_mixin.py:188} INFO - [2024-04-04T06:29:01.583+0000] {dag.py:3036} INFO - Sync 1 DAGs
[2024-04-04T06:29:01.602+0000] {logging_mixin.py:188} INFO - [2024-04-04T06:29:01.602+0000] {dag.py:3823} INFO - Setting next_dagrun for my_dag to 2024-04-03 14:30:00+00:00, run_after=2024-04-04 14:30:00+00:00
[2024-04-04T06:29:01.618+0000] {processor.py:183} INFO - Processing /opt/airflow/dags/my_dag.py took 0.070 seconds
[2024-04-04T06:29:31.730+0000] {processor.py:161} INFO - Started process (PID=108) to work on /opt/airflow/dags/my_dag.py
[2024-04-04T06:29:31.731+0000] {processor.py:830} INFO - Processing file /opt/airflow/dags/my_dag.py for tasks to queue
[2024-04-04T06:29:31.732+0000] {logging_mixin.py:188} INFO - [2024-04-04T06:29:31.732+0000] {dagbag.py:538} INFO - Filling up the DagBag from /opt/airflow/dags/my_dag.py
[2024-04-04T06:29:31.747+0000] {processor.py:840} INFO - DAG(s) 'my_dag' retrieved from /opt/airflow/dags/my_dag.py
[2024-04-04T06:29:31.764+0000] {logging_mixin.py:188} INFO - [2024-04-04T06:29:31.764+0000] {dag.py:3036} INFO - Sync 1 DAGs
[2024-04-04T06:29:31.784+0000] {logging_mixin.py:188} INFO - [2024-04-04T06:29:31.784+0000] {dag.py:3823} INFO - Setting next_dagrun for my_dag to 2024-04-03 14:30:00+00:00, run_after=2024-04-04 14:30:00+00:00
[2024-04-04T06:29:31.799+0000] {processor.py:183} INFO - Processing /opt/airflow/dags/my_dag.py took 0.072 seconds
[2024-04-04T06:30:01.922+0000] {processor.py:161} INFO - Started process (PID=115) to work on /opt/airflow/dags/my_dag.py
[2024-04-04T06:30:01.922+0000] {processor.py:830} INFO - Processing file /opt/airflow/dags/my_dag.py for tasks to queue
[2024-04-04T06:30:01.924+0000] {logging_mixin.py:188} INFO - [2024-04-04T06:30:01.923+0000] {dagbag.py:538} INFO - Filling up the DagBag from /opt/airflow/dags/my_dag.py
[2024-04-04T06:30:01.937+0000] {processor.py:840} INFO - DAG(s) 'my_dag' retrieved from /opt/airflow/dags/my_dag.py
[2024-04-04T06:30:01.956+0000] {logging_mixin.py:188} INFO - [2024-04-04T06:30:01.956+0000] {dag.py:3036} INFO - Sync 1 DAGs
[2024-04-04T06:30:01.975+0000] {logging_mixin.py:188} INFO - [2024-04-04T06:30:01.975+0000] {dag.py:3823} INFO - Setting next_dagrun for my_dag to 2024-04-03 14:30:00+00:00, run_after=2024-04-04 14:30:00+00:00
[2024-04-04T06:30:01.989+0000] {processor.py:183} INFO - Processing /opt/airflow/dags/my_dag.py took 0.069 seconds
[2024-04-04T06:30:32.113+0000] {processor.py:161} INFO - Started process (PID=122) to work on /opt/airflow/dags/my_dag.py
[2024-04-04T06:30:32.113+0000] {processor.py:830} INFO - Processing file /opt/airflow/dags/my_dag.py for tasks to queue
[2024-04-04T06:30:32.114+0000] {logging_mixin.py:188} INFO - [2024-04-04T06:30:32.114+0000] {dagbag.py:538} INFO - Filling up the DagBag from /opt/airflow/dags/my_dag.py
[2024-04-04T06:30:32.127+0000] {processor.py:840} INFO - DAG(s) 'my_dag' retrieved from /opt/airflow/dags/my_dag.py
[2024-04-04T06:30:32.146+0000] {logging_mixin.py:188} INFO - [2024-04-04T06:30:32.145+0000] {dag.py:3036} INFO - Sync 1 DAGs
[2024-04-04T06:30:32.163+0000] {logging_mixin.py:188} INFO - [2024-04-04T06:30:32.163+0000] {dag.py:3823} INFO - Setting next_dagrun for my_dag to 2024-04-03 14:30:00+00:00, run_after=2024-04-04 14:30:00+00:00
[2024-04-04T06:30:32.184+0000] {processor.py:183} INFO - Processing /opt/airflow/dags/my_dag.py took 0.074 seconds
[2024-04-04T06:31:02.258+0000] {processor.py:161} INFO - Started process (PID=129) to work on /opt/airflow/dags/my_dag.py
[2024-04-04T06:31:02.259+0000] {processor.py:830} INFO - Processing file /opt/airflow/dags/my_dag.py for tasks to queue
[2024-04-04T06:31:02.260+0000] {logging_mixin.py:188} INFO - [2024-04-04T06:31:02.260+0000] {dagbag.py:538} INFO - Filling up the DagBag from /opt/airflow/dags/my_dag.py
[2024-04-04T06:31:02.274+0000] {processor.py:840} INFO - DAG(s) 'my_dag' retrieved from /opt/airflow/dags/my_dag.py
[2024-04-04T06:31:02.293+0000] {logging_mixin.py:188} INFO - [2024-04-04T06:31:02.293+0000] {dag.py:3036} INFO - Sync 1 DAGs
[2024-04-04T06:31:02.312+0000] {logging_mixin.py:188} INFO - [2024-04-04T06:31:02.311+0000] {dag.py:3823} INFO - Setting next_dagrun for my_dag to 2024-04-03 14:30:00+00:00, run_after=2024-04-04 14:30:00+00:00
[2024-04-04T06:31:02.329+0000] {processor.py:183} INFO - Processing /opt/airflow/dags/my_dag.py took 0.073 seconds
[2024-04-04T06:31:32.488+0000] {processor.py:161} INFO - Started process (PID=136) to work on /opt/airflow/dags/my_dag.py
[2024-04-04T06:31:32.489+0000] {processor.py:830} INFO - Processing file /opt/airflow/dags/my_dag.py for tasks to queue
[2024-04-04T06:31:32.490+0000] {logging_mixin.py:188} INFO - [2024-04-04T06:31:32.490+0000] {dagbag.py:538} INFO - Filling up the DagBag from /opt/airflow/dags/my_dag.py
[2024-04-04T06:31:32.505+0000] {processor.py:840} INFO - DAG(s) 'my_dag' retrieved from /opt/airflow/dags/my_dag.py
[2024-04-04T06:31:32.523+0000] {logging_mixin.py:188} INFO - [2024-04-04T06:31:32.523+0000] {dag.py:3036} INFO - Sync 1 DAGs
[2024-04-04T06:31:32.541+0000] {logging_mixin.py:188} INFO - [2024-04-04T06:31:32.541+0000] {dag.py:3823} INFO - Setting next_dagrun for my_dag to 2024-04-03 14:30:00+00:00, run_after=2024-04-04 14:30:00+00:00
[2024-04-04T06:31:32.554+0000] {processor.py:183} INFO - Processing /opt/airflow/dags/my_dag.py took 0.068 seconds
